<?xml version="1.0" encoding="UTF-8"?>
<testsuite name="io.jaros.events.test.event.NotifyingIntegerUnitTests" tests="6" skipped="0" failures="0" errors="0" timestamp="2015-03-23T04:06:50" hostname="jaros" time="0.628">
  <properties/>
  <testcase name="testSetupAndTeardown" classname="io.jaros.events.test.event.NotifyingIntegerUnitTests" time="0.0"/>
  <testcase name="testSubscribeAndModify" classname="io.jaros.events.test.event.NotifyingIntegerUnitTests" time="0.0"/>
  <testcase name="testModify" classname="io.jaros.events.test.event.NotifyingIntegerUnitTests" time="0.0"/>
  <testcase name="testSetupAndTeardown" classname="io.jaros.events.test.event.NotifyingIntegerUnitTests" time="0.0"/>
  <testcase name="testSubscribeAndModify" classname="io.jaros.events.test.event.NotifyingIntegerUnitTests" time="0.0"/>
  <testcase name="testModify" classname="io.jaros.events.test.event.NotifyingIntegerUnitTests" time="0.0"/>
  <system-out><![CDATA[]]></system-out>
  <system-err><![CDATA[]]></system-err>
</testsuite>
